Vivado Simulator 2017.4
Time resolution is 1 ps
                  15test
                  25test
                  35test
                  45testwrite
                  45test
                  55testwrite
                  55test
                  65testwrite
                  65test
                  75testwrite
                  75test
                  85testwrite
                  85test
                  95testwrite
                  95test
                 105testwrite
                 105test
                 115testwrite
                 115test
                 125testwrite
                 125test
                 135testwrite
                 135test
                 145testwrite
                 145test
                 155testwrite
                 155test
                 165testwrite
                 165test
                 175testwrite
                 175test
                 185testwrite
                 185test
                 195testwrite
                 195test
                 205testwrite
                 205test
                 215testwrite
                 215test
                 225testwrite
                 225test
                 235testwrite
                 235test
                 245testwrite
                 245test
                 255testwrite
                 255testread
                 265testread
                 265testread
                 275testread
                 275testread
                 285testread
                 285testread
                 295testread
                 295testread
                 305testread
                 305testread
                 315testread
                 315testread
                 325testread
                 325testread
                 335testread
                 335testread
                 345testread
                 345testread
                 355testread
                 355testread
                 365testread
                 365testread
                 375testread
                 375testread
                 385testread
                 385testread
                 395testread
                 395testread
                 405testread
                 405testread
                 415testread
                 415testread
                 425testread
                 425testread
                 435testread
                 435testread
                 445testread
                 445testread
                 455testread
                 455testread
                 465testread
                 465testread
                 475testread
                 475testread
                 485testread
                 485testread
                 495testread
                 495testread
                 505testread
                 505testread
                 515testread
                 515testread
                 525testread
                 525testread
                 535testread
                 535testread
                 545testread
                 545testread
                 555testread
                 555testread
                 565testread
                 565testread
                 575testread
                 575testread
                 585testread
                 585testread
                 595testread
                 595testread
                 605testread
                 605testread
                 615testread
                 615testread
                 625testread
                 625testread
                 635testread
                 635testread
                 645testread
                 645testread
                 655testread
                 655testread
                 665testread
                 665testread
                 675testread
                 675testread
                 685testread
                 685testread
                 695testread
                 695testread
                 705testread
                 705testread
                 715testread
                 715testread
                 725testread
                 725testread
                 735testread
    